<?xml version="1.0" encoding="UTF-8"?>
<testng-results skipped="0" failed="0" ignored="0" total="7" passed="7">
  <reporter-output>
  </reporter-output>
  <suite name="Suite" duration-ms="6298" started-at="2019-02-04T01:28:33Z" finished-at="2019-02-04T01:28:39Z">
    <groups>
    </groups>
    <test name="00000" duration-ms="6298" started-at="2019-02-04T01:28:33Z" finished-at="2019-02-04T01:28:39Z">
      <class name="tests.SampleTest">
        <test-method status="PASS" signature="test1()[pri:0, instance:tests.SampleTest@2133c8f8]" name="test1" duration-ms="4107" started-at="2019-02-04T01:28:33Z" finished-at="2019-02-04T01:28:37Z">
          <reporter-output>
          </reporter-output>
        </test-method> <!-- test1 -->
        <test-method status="PASS" signature="test2()[pri:0, instance:tests.SampleTest@2133c8f8]" name="test2" duration-ms="4107" started-at="2019-02-04T01:28:33Z" finished-at="2019-02-04T01:28:37Z">
          <reporter-output>
          </reporter-output>
        </test-method> <!-- test2 -->
        <test-method status="PASS" signature="test()[pri:0, instance:tests.SampleTest@2133c8f8]" name="test" duration-ms="4076" started-at="2019-02-04T01:28:33Z" finished-at="2019-02-04T01:28:37Z">
          <reporter-output>
          </reporter-output>
        </test-method> <!-- test -->
        <test-method status="PASS" signature="test3()[pri:0, instance:tests.SampleTest@2133c8f8]" name="test3" duration-ms="4116" started-at="2019-02-04T01:28:33Z" finished-at="2019-02-04T01:28:37Z">
          <reporter-output>
          </reporter-output>
        </test-method> <!-- test3 -->
        <test-method status="PASS" signature="test4()[pri:0, instance:tests.SampleTest@2133c8f8]" name="test4" duration-ms="4114" started-at="2019-02-04T01:28:33Z" finished-at="2019-02-04T01:28:37Z">
          <reporter-output>
          </reporter-output>
        </test-method> <!-- test4 -->
        <test-method status="PASS" signature="test5()[pri:0, instance:tests.SampleTest@2133c8f8]" name="test5" duration-ms="1741" started-at="2019-02-04T01:28:37Z" finished-at="2019-02-04T01:28:39Z">
          <reporter-output>
          </reporter-output>
        </test-method> <!-- test5 -->
        <test-method status="PASS" signature="test6()[pri:0, instance:tests.SampleTest@2133c8f8]" name="test6" duration-ms="2062" started-at="2019-02-04T01:28:37Z" finished-at="2019-02-04T01:28:39Z">
          <reporter-output>
          </reporter-output>
        </test-method> <!-- test6 -->
      </class> <!-- tests.SampleTest -->
    </test> <!-- 00000 -->
  </suite> <!-- Suite -->
</testng-results>
