<?xml version="1.0" encoding="UTF-8"?>
<testng-results skipped="0" failed="0" ignored="0" total="1" passed="1">
  <reporter-output>
  </reporter-output>
  <suite name="Default suite" duration-ms="41" started-at="2019-03-05T23:54:46Z" finished-at="2019-03-05T23:54:46Z">
    <groups>
    </groups>
    <test name="Default test" duration-ms="41" started-at="2019-03-05T23:54:46Z" finished-at="2019-03-05T23:54:46Z">
      <class name="tests.SearchNetworkTest">
        <test-method status="PASS" signature="testing()[pri:0, instance:tests.SearchNetworkTest@8bd1b6a]" name="testing" duration-ms="29" started-at="2019-03-05T23:54:46Z" finished-at="2019-03-05T23:54:46Z">
          <reporter-output>
          </reporter-output>
        </test-method> <!-- testing -->
      </class> <!-- tests.SearchNetworkTest -->
    </test> <!-- Default test -->
  </suite> <!-- Default suite -->
</testng-results>
